2025-04-30 13:35:59,208 - __main__ - INFO - Application started
2025-04-30 13:35:59,208 - __main__ - INFO - Starting Arabic NLP Pipeline
2025-04-30 13:35:59,208 - modules.pipeline - INFO - Initializing ArabicNLPPipeline components...
2025-04-30 13:35:59,212 - stanza - INFO - Checking for updates to resources.json in case models have been updated.  Note: this behavior can be turned off with download_method=None or download_method=DownloadMethod.REUSE_RESOURCES
2025-04-30 13:35:59,728 - stanza - INFO - Downloaded file to C:\Users\le\stanza_resources\resources.json
2025-04-30 13:36:00,696 - stanza - INFO - Loading these models for language: ar (Arabic):
=============================
| Processor | Package       |
-----------------------------
| tokenize  | padt          |
| mwt       | padt          |
| pos       | padt_charlm   |
| lemma     | padt_nocharlm |
| ner       | aqmar_charlm  |
=============================

2025-04-30 13:36:00,696 - stanza - INFO - Using device: cpu
2025-04-30 13:36:00,696 - stanza - INFO - Loading: tokenize
2025-04-30 13:36:02,707 - stanza - INFO - Loading: mwt
2025-04-30 13:36:02,900 - stanza - INFO - Loading: pos
2025-04-30 13:36:05,738 - stanza - INFO - Loading: lemma
2025-04-30 13:36:06,375 - stanza - INFO - Loading: ner
2025-04-30 13:36:09,193 - stanza - INFO - Done loading processors!
2025-04-30 13:36:09,342 - modules.pipeline - INFO - Pipeline initialized successfully with all components
2025-04-30 13:36:09,342 - __main__ - INFO - Pipeline execution started
2025-04-30 13:36:09,342 - modules.pipeline - INFO - Starting main pipeline execution
2025-04-30 13:36:12,373 - modules.pipeline - INFO - User selected full pipeline execution
2025-04-30 13:36:12,373 - modules.pipeline - INFO - Starting full pipeline execution
2025-04-30 13:36:12,373 - modules.pipeline - INFO - Loading stop words from data/stop_arabic.txt
2025-04-30 13:36:12,403 - modules.pipeline - INFO - Successfully loaded 10702 stop words
2025-04-30 13:36:12,403 - modules.pipeline - INFO - Loading existing corpus from data/corpus.txt
2025-04-30 13:36:12,474 - modules.pipeline - INFO - Successfully loaded corpus with 6816557 characters
2025-04-30 13:36:12,474 - modules.pipeline - INFO - Starting phrase processing
2025-04-30 13:36:15,128 - modules.pipeline - INFO - Processed 71920 phrases and saved to data/phrases.json
2025-04-30 13:36:15,129 - modules.pipeline - INFO - Starting matrix building process
2025-04-30 13:36:15,129 - modules.pipeline - INFO - Building word-level matrix
2025-04-30 13:36:17,462 - modules.pipeline - INFO - Word-level matrix built successfully
2025-04-30 13:36:17,462 - modules.pipeline - INFO - Building character-level matrix
2025-04-30 13:36:18,723 - modules.pipeline - INFO - Character-level matrix built successfully
2025-04-30 13:36:18,723 - modules.pipeline - INFO - Starting visualization generation
2025-04-30 13:36:42,977 - modules.pipeline - INFO - Visualizations generated successfully
2025-04-30 13:36:42,978 - modules.pipeline - INFO - Pipeline completed successfully
2025-04-30 13:36:42,978 - __main__ - INFO - Pipeline executed successfully
2025-04-30 13:36:43,062 - __main__ - INFO - Application finished
2025-04-30 13:38:31,909 - __main__ - INFO - Application started
2025-04-30 13:38:31,910 - __main__ - INFO - Starting Arabic NLP Pipeline
2025-04-30 13:38:31,910 - modules.pipeline - INFO - Initializing ArabicNLPPipeline components...
2025-04-30 13:38:31,913 - stanza - INFO - Checking for updates to resources.json in case models have been updated.  Note: this behavior can be turned off with download_method=None or download_method=DownloadMethod.REUSE_RESOURCES
2025-04-30 13:38:32,208 - stanza - INFO - Downloaded file to C:\Users\le\stanza_resources\resources.json
2025-04-30 13:38:33,093 - stanza - INFO - Loading these models for language: ar (Arabic):
=============================
| Processor | Package       |
-----------------------------
| tokenize  | padt          |
| mwt       | padt          |
| pos       | padt_charlm   |
| lemma     | padt_nocharlm |
| ner       | aqmar_charlm  |
=============================

2025-04-30 13:38:33,093 - stanza - INFO - Using device: cpu
2025-04-30 13:38:33,093 - stanza - INFO - Loading: tokenize
2025-04-30 13:38:35,172 - stanza - INFO - Loading: mwt
2025-04-30 13:38:35,324 - stanza - INFO - Loading: pos
2025-04-30 13:38:38,598 - stanza - INFO - Loading: lemma
2025-04-30 13:38:39,262 - stanza - INFO - Loading: ner
2025-04-30 13:38:42,568 - stanza - INFO - Done loading processors!
2025-04-30 13:38:42,682 - modules.pipeline - INFO - Pipeline initialized successfully with all components
2025-04-30 13:38:42,682 - __main__ - INFO - Pipeline execution started
2025-04-30 13:38:42,682 - modules.pipeline - INFO - Starting main pipeline execution
2025-04-30 13:38:47,964 - modules.pipeline - INFO - User selected GUI predictor
2025-04-30 13:38:47,965 - modules.pipeline - INFO - Starting GUI application
2025-04-30 13:38:48,903 - modules.pipeline - INFO - GUI started successfully
2025-04-30 13:40:33,806 - __main__ - INFO - Application started
2025-04-30 13:40:33,806 - __main__ - INFO - Starting Arabic NLP Pipeline
2025-04-30 13:40:33,806 - modules.pipeline - INFO - Initializing ArabicNLPPipeline components...
2025-04-30 13:40:33,809 - stanza - INFO - Checking for updates to resources.json in case models have been updated.  Note: this behavior can be turned off with download_method=None or download_method=DownloadMethod.REUSE_RESOURCES
2025-04-30 13:40:34,772 - stanza - INFO - Downloaded file to C:\Users\le\stanza_resources\resources.json
2025-04-30 13:40:35,602 - stanza - INFO - Loading these models for language: ar (Arabic):
=============================
| Processor | Package       |
-----------------------------
| tokenize  | padt          |
| mwt       | padt          |
| pos       | padt_charlm   |
| lemma     | padt_nocharlm |
| ner       | aqmar_charlm  |
=============================

2025-04-30 13:40:35,602 - stanza - INFO - Using device: cpu
2025-04-30 13:40:35,602 - stanza - INFO - Loading: tokenize
2025-04-30 13:40:37,300 - stanza - INFO - Loading: mwt
2025-04-30 13:40:37,420 - stanza - INFO - Loading: pos
2025-04-30 13:40:40,233 - stanza - INFO - Loading: lemma
2025-04-30 13:40:40,803 - stanza - INFO - Loading: ner
2025-04-30 13:40:43,402 - stanza - INFO - Done loading processors!
2025-04-30 13:40:43,505 - modules.pipeline - INFO - Pipeline initialized successfully with all components
2025-04-30 13:40:43,505 - __main__ - INFO - Pipeline execution started
2025-04-30 13:40:43,505 - modules.pipeline - INFO - Starting main pipeline execution
2025-04-30 13:40:46,693 - modules.pipeline - INFO - User selected GUI predictor
2025-04-30 13:40:46,693 - modules.pipeline - INFO - Starting GUI application
2025-04-30 13:40:47,596 - modules.pipeline - INFO - GUI started successfully
2025-04-30 13:42:24,539 - __main__ - INFO - Application started
2025-04-30 13:42:24,540 - __main__ - INFO - Starting Arabic NLP Pipeline
2025-04-30 13:42:24,540 - modules.pipeline - INFO - Initializing ArabicNLPPipeline components...
2025-04-30 13:42:24,544 - stanza - INFO - Checking for updates to resources.json in case models have been updated.  Note: this behavior can be turned off with download_method=None or download_method=DownloadMethod.REUSE_RESOURCES
2025-04-30 13:42:25,034 - stanza - INFO - Downloaded file to C:\Users\le\stanza_resources\resources.json
2025-04-30 13:42:25,969 - stanza - INFO - Loading these models for language: ar (Arabic):
=============================
| Processor | Package       |
-----------------------------
| tokenize  | padt          |
| mwt       | padt          |
| pos       | padt_charlm   |
| lemma     | padt_nocharlm |
| ner       | aqmar_charlm  |
=============================

2025-04-30 13:42:25,969 - stanza - INFO - Using device: cpu
2025-04-30 13:42:25,969 - stanza - INFO - Loading: tokenize
2025-04-30 13:42:27,937 - stanza - INFO - Loading: mwt
2025-04-30 13:42:28,071 - stanza - INFO - Loading: pos
2025-04-30 13:42:30,607 - stanza - INFO - Loading: lemma
2025-04-30 13:42:31,192 - stanza - INFO - Loading: ner
2025-04-30 13:42:33,751 - stanza - INFO - Done loading processors!
2025-04-30 13:42:33,855 - modules.pipeline - INFO - Pipeline initialized successfully with all components
2025-04-30 13:42:33,855 - __main__ - INFO - Pipeline execution started
2025-04-30 13:42:33,855 - modules.pipeline - INFO - Starting main pipeline execution
2025-04-30 13:42:37,161 - modules.pipeline - INFO - User selected GUI predictor
2025-04-30 13:42:37,161 - modules.pipeline - INFO - Starting GUI application
2025-04-30 13:42:37,915 - modules.pipeline - INFO - GUI started successfully
2025-04-30 13:48:27,004 - __main__ - INFO - Application started
2025-04-30 13:48:27,004 - __main__ - INFO - Starting Arabic NLP Pipeline
2025-04-30 13:48:27,004 - modules.pipeline - INFO - Initializing ArabicNLPPipeline components...
2025-04-30 13:48:27,016 - stanza - INFO - Checking for updates to resources.json in case models have been updated.  Note: this behavior can be turned off with download_method=None or download_method=DownloadMethod.REUSE_RESOURCES
2025-04-30 13:48:27,475 - stanza - INFO - Downloaded file to C:\Users\le\stanza_resources\resources.json
2025-04-30 13:48:29,360 - stanza - INFO - Loading these models for language: ar (Arabic):
=============================
| Processor | Package       |
-----------------------------
| tokenize  | padt          |
| mwt       | padt          |
| pos       | padt_charlm   |
| lemma     | padt_nocharlm |
| ner       | aqmar_charlm  |
=============================

2025-04-30 13:48:29,360 - stanza - INFO - Using device: cpu
2025-04-30 13:48:29,360 - stanza - INFO - Loading: tokenize
2025-04-30 13:48:34,431 - stanza - INFO - Loading: mwt
2025-04-30 13:48:34,769 - stanza - INFO - Loading: pos
2025-04-30 13:48:37,594 - stanza - INFO - Loading: lemma
2025-04-30 13:48:38,210 - stanza - INFO - Loading: ner
2025-04-30 13:48:40,922 - stanza - INFO - Done loading processors!
2025-04-30 13:48:41,014 - modules.pipeline - INFO - Pipeline initialized successfully with all components
2025-04-30 13:48:41,014 - __main__ - INFO - Pipeline execution started
2025-04-30 13:48:41,014 - modules.pipeline - INFO - Starting main pipeline execution
2025-04-30 13:48:44,335 - modules.pipeline - INFO - User selected full pipeline execution
2025-04-30 13:48:44,336 - modules.pipeline - INFO - Starting full pipeline execution
2025-04-30 13:48:44,336 - modules.pipeline - INFO - Loading stop words from data/stop_arabic.txt
2025-04-30 13:48:44,362 - modules.pipeline - INFO - Successfully loaded 10702 stop words
2025-04-30 13:48:44,363 - modules.pipeline - INFO - Loading existing corpus from data/corpus.txt
2025-04-30 13:48:44,421 - modules.pipeline - INFO - Successfully loaded corpus with 6816557 characters
2025-04-30 13:48:44,422 - modules.pipeline - INFO - Starting phrase processing
2025-04-30 13:48:47,064 - modules.pipeline - INFO - Processed 71920 phrases and saved to data/phrases.json
2025-04-30 13:48:47,064 - modules.pipeline - INFO - Starting matrix building process
2025-04-30 13:48:47,064 - modules.pipeline - INFO - Building word-level matrix
2025-04-30 13:48:49,624 - modules.pipeline - INFO - Word-level matrix built successfully
2025-04-30 13:48:49,624 - modules.pipeline - INFO - Building character-level matrix
2025-04-30 13:48:50,998 - modules.pipeline - INFO - Character-level matrix built successfully
2025-04-30 13:48:50,998 - modules.pipeline - INFO - Starting visualization generation
2025-04-30 13:49:14,309 - modules.pipeline - INFO - Visualizations generated successfully
2025-04-30 13:49:14,309 - modules.pipeline - INFO - Pipeline completed successfully
2025-04-30 13:49:14,309 - __main__ - INFO - Pipeline executed successfully
2025-04-30 13:49:14,377 - __main__ - INFO - Application finished
2025-04-30 13:49:28,529 - __main__ - INFO - Application started
2025-04-30 13:49:28,529 - __main__ - INFO - Starting Arabic NLP Pipeline
2025-04-30 13:49:28,529 - modules.pipeline - INFO - Initializing ArabicNLPPipeline components...
2025-04-30 13:49:28,533 - stanza - INFO - Checking for updates to resources.json in case models have been updated.  Note: this behavior can be turned off with download_method=None or download_method=DownloadMethod.REUSE_RESOURCES
2025-04-30 13:49:28,878 - stanza - INFO - Downloaded file to C:\Users\le\stanza_resources\resources.json
2025-04-30 13:49:29,746 - stanza - INFO - Loading these models for language: ar (Arabic):
=============================
| Processor | Package       |
-----------------------------
| tokenize  | padt          |
| mwt       | padt          |
| pos       | padt_charlm   |
| lemma     | padt_nocharlm |
| ner       | aqmar_charlm  |
=============================

2025-04-30 13:49:29,746 - stanza - INFO - Using device: cpu
2025-04-30 13:49:29,746 - stanza - INFO - Loading: tokenize
2025-04-30 13:49:31,580 - stanza - INFO - Loading: mwt
2025-04-30 13:49:31,707 - stanza - INFO - Loading: pos
2025-04-30 13:49:34,625 - stanza - INFO - Loading: lemma
2025-04-30 13:49:35,225 - stanza - INFO - Loading: ner
2025-04-30 13:49:38,037 - stanza - INFO - Done loading processors!
2025-04-30 13:49:38,147 - modules.pipeline - INFO - Pipeline initialized successfully with all components
2025-04-30 13:49:38,147 - __main__ - INFO - Pipeline execution started
2025-04-30 13:49:38,147 - modules.pipeline - INFO - Starting main pipeline execution
2025-04-30 13:49:46,842 - modules.pipeline - INFO - User selected GUI predictor
2025-04-30 13:49:46,842 - modules.pipeline - INFO - Starting GUI application
2025-04-30 13:49:48,401 - modules.pipeline - INFO - GUI started successfully
2025-04-30 13:50:58,164 - __main__ - INFO - Application started
2025-04-30 13:50:58,164 - __main__ - INFO - Starting Arabic NLP Pipeline
2025-04-30 13:50:58,164 - modules.pipeline - INFO - Initializing ArabicNLPPipeline components...
2025-04-30 13:50:58,168 - stanza - INFO - Checking for updates to resources.json in case models have been updated.  Note: this behavior can be turned off with download_method=None or download_method=DownloadMethod.REUSE_RESOURCES
2025-04-30 13:50:58,525 - stanza - INFO - Downloaded file to C:\Users\le\stanza_resources\resources.json
2025-04-30 13:51:08,161 - __main__ - INFO - Application started
2025-04-30 13:51:08,161 - __main__ - INFO - Starting Arabic NLP Pipeline
2025-04-30 13:51:08,161 - modules.pipeline - INFO - Initializing ArabicNLPPipeline components...
2025-04-30 13:51:08,165 - stanza - INFO - Checking for updates to resources.json in case models have been updated.  Note: this behavior can be turned off with download_method=None or download_method=DownloadMethod.REUSE_RESOURCES
2025-04-30 13:51:08,486 - stanza - INFO - Downloaded file to C:\Users\le\stanza_resources\resources.json
2025-04-30 13:51:09,525 - stanza - INFO - Loading these models for language: ar (Arabic):
=============================
| Processor | Package       |
-----------------------------
| tokenize  | padt          |
| mwt       | padt          |
| pos       | padt_charlm   |
| lemma     | padt_nocharlm |
| ner       | aqmar_charlm  |
=============================

2025-04-30 13:51:09,525 - stanza - INFO - Using device: cpu
2025-04-30 13:51:09,525 - stanza - INFO - Loading: tokenize
2025-04-30 13:51:11,227 - stanza - INFO - Loading: mwt
2025-04-30 13:51:11,361 - stanza - INFO - Loading: pos
2025-04-30 13:51:14,100 - stanza - INFO - Loading: lemma
2025-04-30 13:51:14,722 - stanza - INFO - Loading: ner
2025-04-30 13:51:17,255 - stanza - INFO - Done loading processors!
2025-04-30 13:51:17,347 - modules.pipeline - INFO - Pipeline initialized successfully with all components
2025-04-30 13:51:17,347 - __main__ - INFO - Pipeline execution started
2025-04-30 13:51:17,347 - modules.pipeline - INFO - Starting main pipeline execution
2025-04-30 13:51:18,371 - modules.pipeline - INFO - User selected full pipeline execution
2025-04-30 13:51:18,371 - modules.pipeline - INFO - Starting full pipeline execution
2025-04-30 13:51:18,371 - modules.pipeline - INFO - Loading stop words from data/stop_arabic.txt
2025-04-30 13:51:18,399 - modules.pipeline - INFO - Successfully loaded 10702 stop words
2025-04-30 13:51:18,399 - modules.pipeline - INFO - Loading existing corpus from data/corpus.txt
2025-04-30 13:51:18,471 - modules.pipeline - INFO - Successfully loaded corpus with 6816557 characters
2025-04-30 13:51:18,471 - modules.pipeline - INFO - Starting phrase processing
2025-04-30 13:51:21,438 - modules.pipeline - INFO - Processed 71920 phrases and saved to data/phrases.json
2025-04-30 13:51:21,438 - modules.pipeline - INFO - Starting matrix building process
2025-04-30 13:51:21,438 - modules.pipeline - INFO - Building word-level matrix
2025-04-30 13:51:23,036 - modules.pipeline - INFO - Word-level matrix built successfully
2025-04-30 13:51:23,036 - modules.pipeline - INFO - Building character-level matrix
2025-04-30 13:51:24,198 - modules.pipeline - INFO - Character-level matrix built successfully
2025-04-30 13:51:24,199 - modules.pipeline - INFO - Starting visualization generation
2025-04-30 13:51:45,862 - modules.pipeline - INFO - Visualizations generated successfully
2025-04-30 13:51:45,862 - modules.pipeline - INFO - Pipeline completed successfully
2025-04-30 13:51:45,862 - __main__ - INFO - Pipeline executed successfully
2025-04-30 13:51:45,900 - __main__ - INFO - Application finished
2025-04-30 13:52:03,818 - __main__ - INFO - Application started
2025-04-30 13:52:03,818 - __main__ - INFO - Starting Arabic NLP Pipeline
2025-04-30 13:52:03,818 - modules.pipeline - INFO - Initializing ArabicNLPPipeline components...
2025-04-30 13:52:03,822 - stanza - INFO - Checking for updates to resources.json in case models have been updated.  Note: this behavior can be turned off with download_method=None or download_method=DownloadMethod.REUSE_RESOURCES
2025-04-30 13:52:04,120 - stanza - INFO - Downloaded file to C:\Users\le\stanza_resources\resources.json
2025-04-30 13:52:05,056 - stanza - INFO - Loading these models for language: ar (Arabic):
=============================
| Processor | Package       |
-----------------------------
| tokenize  | padt          |
| mwt       | padt          |
| pos       | padt_charlm   |
| lemma     | padt_nocharlm |
| ner       | aqmar_charlm  |
=============================

2025-04-30 13:52:05,056 - stanza - INFO - Using device: cpu
2025-04-30 13:52:05,056 - stanza - INFO - Loading: tokenize
2025-04-30 13:52:06,735 - stanza - INFO - Loading: mwt
2025-04-30 13:52:06,872 - stanza - INFO - Loading: pos
2025-04-30 13:52:10,008 - stanza - INFO - Loading: lemma
2025-04-30 13:52:10,615 - stanza - INFO - Loading: ner
2025-04-30 13:52:13,233 - stanza - INFO - Done loading processors!
2025-04-30 13:52:13,327 - modules.pipeline - INFO - Pipeline initialized successfully with all components
2025-04-30 13:52:13,327 - __main__ - INFO - Pipeline execution started
2025-04-30 13:52:13,327 - modules.pipeline - INFO - Starting main pipeline execution
2025-04-30 13:52:23,525 - modules.pipeline - INFO - User selected GUI predictor
2025-04-30 13:52:23,525 - modules.pipeline - INFO - Starting GUI application
2025-04-30 13:52:24,128 - modules.pipeline - INFO - GUI started successfully
2025-04-30 14:18:04,616 - __main__ - INFO - Application started
2025-04-30 14:18:04,617 - __main__ - INFO - Starting Arabic NLP Pipeline
2025-04-30 14:18:04,617 - modules.pipeline - INFO - Initializing ArabicNLPPipeline components...
2025-04-30 14:18:04,624 - stanza - INFO - Checking for updates to resources.json in case models have been updated.  Note: this behavior can be turned off with download_method=None or download_method=DownloadMethod.REUSE_RESOURCES
2025-04-30 14:19:05,849 - __main__ - INFO - Application started
2025-04-30 14:19:05,849 - __main__ - INFO - Starting Arabic NLP Pipeline
2025-04-30 14:19:05,849 - modules.pipeline - INFO - Initializing ArabicNLPPipeline components...
2025-04-30 14:19:05,855 - stanza - INFO - Checking for updates to resources.json in case models have been updated.  Note: this behavior can be turned off with download_method=None or download_method=DownloadMethod.REUSE_RESOURCES
2025-04-30 14:20:04,070 - __main__ - INFO - Application started
2025-04-30 14:20:04,070 - __main__ - INFO - Starting Arabic NLP Pipeline
2025-04-30 14:20:04,070 - modules.pipeline - INFO - Initializing ArabicNLPPipeline components...
2025-04-30 14:20:04,074 - stanza - INFO - Checking for updates to resources.json in case models have been updated.  Note: this behavior can be turned off with download_method=None or download_method=DownloadMethod.REUSE_RESOURCES
2025-04-30 14:20:45,857 - __main__ - INFO - Application started
2025-04-30 14:20:45,857 - __main__ - INFO - Starting Arabic NLP Pipeline
2025-04-30 14:20:45,857 - modules.pipeline - INFO - Initializing ArabicNLPPipeline components...
2025-04-30 14:20:45,958 - modules.pipeline - INFO - Pipeline initialized successfully with all components
2025-04-30 14:20:45,958 - __main__ - INFO - Pipeline execution started
2025-04-30 14:20:45,958 - modules.pipeline - INFO - Starting main pipeline execution
2025-04-30 14:20:49,713 - modules.pipeline - INFO - User selected GUI predictor
2025-04-30 14:20:49,714 - modules.pipeline - INFO - Starting GUI application
2025-04-30 14:20:50,762 - modules.pipeline - INFO - GUI started successfully
2025-05-03 18:51:06,006 - __main__ - INFO - Application started
2025-05-03 18:51:06,007 - __main__ - INFO - Starting Arabic NLP Pipeline
2025-05-03 18:51:06,007 - modules.pipeline - INFO - Initializing ArabicNLPPipeline components...
2025-05-03 18:51:06,346 - modules.pipeline - INFO - Pipeline initialized successfully with all components
2025-05-03 18:51:06,347 - __main__ - INFO - Pipeline execution started
2025-05-03 18:51:06,347 - modules.pipeline - INFO - Starting main pipeline execution
2025-05-03 18:51:11,163 - modules.pipeline - INFO - User selected GUI predictor
2025-05-03 18:51:11,163 - modules.pipeline - INFO - Starting GUI application
2025-05-03 18:51:12,594 - modules.pipeline - INFO - GUI started successfully
2025-05-27 07:57:11,349 - __main__ - INFO - Application started
2025-05-27 07:57:11,350 - __main__ - INFO - Starting Arabic NLP Pipeline
2025-05-27 07:57:11,350 - modules.pipeline - INFO - Initializing ArabicNLPPipeline components...
2025-05-27 07:57:11,420 - modules.pipeline - INFO - Pipeline initialized successfully with all components
2025-05-27 07:57:11,420 - __main__ - INFO - Pipeline execution started
2025-05-27 07:57:11,420 - modules.pipeline - INFO - Starting main pipeline execution
2025-05-27 07:57:18,128 - modules.pipeline - INFO - User selected GUI predictor
2025-05-27 07:57:18,129 - modules.pipeline - INFO - Starting GUI application
2025-05-27 07:57:18,731 - modules.pipeline - INFO - GUI started successfully
2025-06-04 22:44:16,470 - __main__ - INFO - Application started
2025-06-04 22:44:16,470 - __main__ - INFO - Starting Arabic NLP Pipeline
2025-06-04 22:44:16,470 - modules.pipeline - INFO - Initializing ArabicNLPPipeline components...
2025-06-04 22:44:16,555 - modules.pipeline - INFO - Pipeline initialized successfully with all components
2025-06-04 22:44:16,555 - __main__ - INFO - Pipeline execution started
2025-06-04 22:44:16,555 - modules.pipeline - INFO - Starting main pipeline execution
2025-06-04 22:44:21,197 - modules.pipeline - INFO - User selected GUI predictor
2025-06-04 22:44:21,197 - modules.pipeline - INFO - Starting GUI application
2025-06-04 22:44:22,108 - modules.pipeline - INFO - GUI started successfully
